  program.c
c:\users\mothe\documents\github\decision-theory-6-semester\decisiontheoryprograms\test.h(16): warning C4476: "wprintf": неизвестный символ поля типа "\n" в описателе формата
c:\users\mothe\documents\github\decision-theory-6-semester\decisiontheoryprograms\test.h(16): warning C4778: "wprintf": незавершенная строка форматирования "%l\n"
c:\users\mothe\documents\github\decision-theory-6-semester\decisiontheoryprograms\test.h(16): warning C4474: "wprintf" : для строки формата передано слишком много аргументов
  c:\users\mothe\documents\github\decision-theory-6-semester\decisiontheoryprograms\test.h(16): note: заполнители и их параметры ожидают переменное число аргументов в количестве 1, но было предоставлено 3
c:\users\mothe\documents\github\decision-theory-6-semester\decisiontheoryprograms\test.h(23): warning C4476: "wprintf": неизвестный символ поля типа "\n" в описателе формата
c:\users\mothe\documents\github\decision-theory-6-semester\decisiontheoryprograms\test.h(23): warning C4778: "wprintf": незавершенная строка форматирования "%l\n"
c:\users\mothe\documents\github\decision-theory-6-semester\decisiontheoryprograms\test.h(23): warning C4474: "wprintf" : для строки формата передано слишком много аргументов
  c:\users\mothe\documents\github\decision-theory-6-semester\decisiontheoryprograms\test.h(23): note: заполнители и их параметры ожидают переменное число аргументов в количестве 1, но было предоставлено 3
c:\users\mothe\documents\github\decision-theory-6-semester\decisiontheoryprograms\simplex_test.h(21): warning C4778: "printf": незавершенная строка форматирования "%h\n"
c:\users\mothe\documents\github\decision-theory-6-semester\decisiontheoryprograms\simplex_test.h(21): warning C4474: "printf" : для строки формата передано слишком много аргументов
  c:\users\mothe\documents\github\decision-theory-6-semester\decisiontheoryprograms\simplex_test.h(21): note: заполнители и их параметры ожидают переменное число аргументов в количестве 0, но было предоставлено 1
simplex_test.obj : error LNK2005: Simplex_run уже определен в program.obj
simplex_test.obj : error LNK2005: Simplex_test_functioTest уже определен в program.obj
simplex_test.obj : error LNK2005: Simplex_test_function уже определен в program.obj
simplex_test.obj : error LNK2005: Simplex_test_functionTeacherTest уже определен в program.obj
simplex_test.obj : error LNK2005: Simplex_test_main уже определен в program.obj
simplex_test.obj : error LNK2005: Simplex_test_teacherFindXMinTest уже определен в program.obj
simplex_test.obj : error LNK2005: Test_assertEqualsDouble уже определен в program.obj
simplex_test.obj : error LNK2005: Test_assertEqualsInt уже определен в program.obj
simplex_test.obj : error LNK2005: UserInterface_GetChek уже определен в program.obj
simplex_test.obj : error LNK2005: UserInterface_GetFloat уже определен в program.obj
simplex_test.obj : error LNK2005: UserInterface_GetStr уже определен в program.obj
simplex_test.obj : error LNK2005: UserInterface_GetStrln уже определен в program.obj
simplex_test.obj : error LNK2005: UserInterface_GetUnsignedInt уже определен в program.obj
simplex_test.obj : error LNK2005: UserInterface_GetUnsignedIntLimit уже определен в program.obj
simplex_test.obj : error LNK2005: UserInterface_GetUnsignedLongInt уже определен в program.obj
simplex_test.obj : error LNK2005: UserInterface_GetUnsignedLongLongInt уже определен в program.obj
simplex_test.obj : error LNK2005: UserInterface_GetUnsignedLongLongIntLimit уже определен в program.obj
simplex_test.obj : error LNK2005: UserInterface_OpenFile уже определен в program.obj
simplex_test.obj : error LNK2005: UserInterface_Pause уже определен в program.obj
simplex_test.obj : error LNK2005: UserInterface_fGetChek уже определен в program.obj
simplex_test.obj : error LNK2005: UserInterface_fGetFloat уже определен в program.obj
simplex_test.obj : error LNK2005: UserInterface_fGetInt уже определен в program.obj
simplex_test.obj : error LNK2005: UserInterface_fGetStr уже определен в program.obj
simplex_test.obj : error LNK2005: UserInterface_fGetStrln уже определен в program.obj
simplex_test.obj : error LNK2005: UserInterface_fGetUnsignedInt уже определен в program.obj
simplex_test.obj : error LNK2005: UserInterface_fGetUnsignedLongInt уже определен в program.obj
simplex_test.obj : error LNK2005: UserInterface_fGetUnsignedLongLongInt уже определен в program.obj
simplex_test.obj : error LNK2005: UserInterface_fPause уже определен в program.obj
simplex_test.obj : error LNK2005: UserInterface_getNaNFloat уже определен в program.obj
C:\Users\mothe\Documents\GitHub\Decision-theory-6-semester\DecisionTheoryPrograms\x64\Debug\DecisionTheoryPrograms.exe : fatal error LNK1169: обнаружен многократно определенный символ - один или более
